# JRE version: Java(TM) SE Runtime Environment (8.0_74-b02) (build 1.8.0_74-b02)
# Java VM: Java HotSpot(TM) 64-Bit Server VM (25.74-b02 mixed mode windows-amd64 compressed oops)
Heap:
 PSYoungGen      total 180224K, used 17079K [0x00000000eab00000, 0x00000000fa580000, 0x0000000100000000)
  eden space 164864K, 7% used [0x00000000eab00000,0x00000000eb6d6150,0x00000000f4c00000)
  from space 15360K, 32% used [0x00000000f4c00000,0x00000000f50d7e78,0x00000000f5b00000)
  to   space 15360K, 0% used [0x00000000f9680000,0x00000000f9680000,0x00000000fa580000)
 ParOldGen       total 88064K, used 36894K [0x00000000c0000000, 0x00000000c5600000, 0x00000000eab00000)
  object space 88064K, 41% used [0x00000000c0000000,0x00000000c2407bd0,0x00000000c5600000)
 Metaspace       used 44056K, capacity 45650K, committed 45696K, reserved 1087488K
  class space    used 6115K, capacity 6771K, committed 6784K, reserved 1048576K
GC Heap History (10 events):
Event: 14.038 GC heap before
{Heap before GC invocations=12 (full 2):
 PSYoungGen      total 96256K, used 82944K [0x00000000eab00000, 0x00000000f3e00000, 0x0000000100000000)
  eden space 82944K, 100% used [0x00000000eab00000,0x00000000efc00000,0x00000000efc00000)
  from space 13312K, 0% used [0x00000000efc00000,0x00000000efc00000,0x00000000f0900000)
  to   space 13312K, 0% used [0x00000000f3100000,0x00000000f3100000,0x00000000f3e00000)
 ParOldGen       total 88064K, used 19341K [0x00000000c0000000, 0x00000000c5600000, 0x00000000eab00000)
  object space 88064K, 21% used [0x00000000c0000000,0x00000000c12e37b0,0x00000000c5600000)
 Metaspace       used 36873K, capacity 37810K, committed 38016K, reserved 1081344K
  class space    used 5088K, capacity 5455K, committed 5504K, reserved 1048576K
Event: 14.051 GC heap after
Heap after GC invocations=12 (full 2):
 PSYoungGen      total 129024K, used 10865K [0x00000000eab00000, 0x00000000f3c00000, 0x0000000100000000)
  eden space 117760K, 0% used [0x00000000eab00000,0x00000000eab00000,0x00000000f1e00000)
  from space 11264K, 96% used [0x00000000f3100000,0x00000000f3b9c668,0x00000000f3c00000)
  to   space 13824K, 0% used [0x00000000f2100000,0x00000000f2100000,0x00000000f2e80000)
 ParOldGen       total 88064K, used 19349K [0x00000000c0000000, 0x00000000c5600000, 0x00000000eab00000)
  object space 88064K, 21% used [0x00000000c0000000,0x00000000c12e57b0,0x00000000c5600000)
 Metaspace       used 36873K, capacity 37810K, committed 38016K, reserved 1081344K
  class space    used 5088K, capacity 5455K, committed 5504K, reserved 1048576K
}
Event: 15.762 GC heap before
{Heap before GC invocations=13 (full 2):
 PSYoungGen      total 129024K, used 128625K [0x00000000eab00000, 0x00000000f3c00000, 0x0000000100000000)
  eden space 117760K, 100% used [0x00000000eab00000,0x00000000f1e00000,0x00000000f1e00000)
  from space 11264K, 96% used [0x00000000f3100000,0x00000000f3b9c668,0x00000000f3c00000)
  to   space 13824K, 0% used [0x00000000f2100000,0x00000000f2100000,0x00000000f2e80000)
 ParOldGen       total 88064K, used 19349K [0x00000000c0000000, 0x00000000c5600000, 0x00000000eab00000)
  object space 88064K, 21% used [0x00000000c0000000,0x00000000c12e57b0,0x00000000c5600000)
 Metaspace       used 40892K, capacity 42222K, committed 42496K, reserved 1085440K
  class space    used 5774K, capacity 6374K, committed 6400K, reserved 1048576K
Event: 15.815 GC heap after
Heap after GC invocations=13 (full 2):
 PSYoungGen      total 134656K, used 12006K [0x00000000eab00000, 0x00000000f6980000, 0x0000000100000000)
  eden space 120832K, 0% used [0x00000000eab00000,0x00000000eab00000,0x00000000f2100000)
  from space 13824K, 86% used [0x00000000f2100000,0x00000000f2cb9818,0x00000000f2e80000)
  to   space 14848K, 0% used [0x00000000f5b00000,0x00000000f5b00000,0x00000000f6980000)
 ParOldGen       total 88064K, used 28771K [0x00000000c0000000, 0x00000000c5600000, 0x00000000eab00000)
  object space 88064K, 32% used [0x00000000c0000000,0x00000000c1c18da0,0x00000000c5600000)
 Metaspace       used 40892K, capacity 42222K, committed 42496K, reserved 1085440K
  class space    used 5774K, capacity 6374K, committed 6400K, reserved 1048576K
}
Event: 16.073 GC heap before
{Heap before GC invocations=14 (full 2):
 PSYoungGen      total 134656K, used 30769K [0x00000000eab00000, 0x00000000f6980000, 0x0000000100000000)
  eden space 120832K, 15% used [0x00000000eab00000,0x00000000ebd52f80,0x00000000f2100000)
  from space 13824K, 86% used [0x00000000f2100000,0x00000000f2cb9818,0x00000000f2e80000)
  to   space 14848K, 0% used [0x00000000f5b00000,0x00000000f5b00000,0x00000000f6980000)
 ParOldGen       total 88064K, used 28771K [0x00000000c0000000, 0x00000000c5600000, 0x00000000eab00000)
  object space 88064K, 32% used [0x00000000c0000000,0x00000000c1c18da0,0x00000000c5600000)
 Metaspace       used 41228K, capacity 42574K, committed 42752K, reserved 1085440K
  class space    used 5818K, capacity 6383K, committed 6400K, reserved 1048576K
Event: 16.101 GC heap after
Heap after GC invocations=14 (full 2):
 PSYoungGen      total 179712K, used 495K [0x00000000eab00000, 0x00000000f6a80000, 0x0000000100000000)
  eden space 164864K, 0% used [0x00000000eab00000,0x00000000eab00000,0x00000000f4c00000)
  from space 14848K, 3% used [0x00000000f5b00000,0x00000000f5b7bd40,0x00000000f6980000)
  to   space 15360K, 0% used [0x00000000f4c00000,0x00000000f4c00000,0x00000000f5b00000)
 ParOldGen       total 88064K, used 39027K [0x00000000c0000000, 0x00000000c5600000, 0x00000000eab00000)
  object space 88064K, 44% used [0x00000000c0000000,0x00000000c261cee0,0x00000000c5600000)
 Metaspace       used 41228K, capacity 42574K, committed 42752K, reserved 1085440K
  class space    used 5818K, capacity 6383K, committed 6400K, reserved 1048576K
}
Event: 16.101 GC heap before
{Heap before GC invocations=15 (full 3):
 PSYoungGen      total 179712K, used 495K [0x00000000eab00000, 0x00000000f6a80000, 0x0000000100000000)
  eden space 164864K, 0% used [0x00000000eab00000,0x00000000eab00000,0x00000000f4c00000)
  from space 14848K, 3% used [0x00000000f5b00000,0x00000000f5b7bd40,0x00000000f6980000)
  to   space 15360K, 0% used [0x00000000f4c00000,0x00000000f4c00000,0x00000000f5b00000)
 ParOldGen       total 88064K, used 39027K [0x00000000c0000000, 0x00000000c5600000, 0x00000000eab00000)
  object space 88064K, 44% used [0x00000000c0000000,0x00000000c261cee0,0x00000000c5600000)
 Metaspace       used 41228K, capacity 42574K, committed 42752K, reserved 1085440K
  class space    used 5818K, capacity 6383K, committed 6400K, reserved 1048576K
Event: 16.620 GC heap after
Heap after GC invocations=15 (full 3):
 PSYoungGen      total 179712K, used 0K [0x00000000eab00000, 0x00000000f6a80000, 0x0000000100000000)
  eden space 164864K, 0% used [0x00000000eab00000,0x00000000eab00000,0x00000000f4c00000)
  from space 14848K, 0% used [0x00000000f5b00000,0x00000000f5b00000,0x00000000f6980000)
  to   space 15360K, 0% used [0x00000000f4c00000,0x00000000f4c00000,0x00000000f5b00000)
 ParOldGen       total 88064K, used 36886K [0x00000000c0000000, 0x00000000c5600000, 0x00000000eab00000)
  object space 88064K, 41% used [0x00000000c0000000,0x00000000c2405bd0,0x00000000c5600000)
 Metaspace       used 41228K, capacity 42574K, committed 42752K, reserved 1085440K
  class space    used 5818K, capacity 6383K, committed 6400K, reserved 1048576K
}
Event: 18.776 GC heap before
{Heap before GC invocations=16 (full 3):
 PSYoungGen      total 179712K, used 164864K [0x00000000eab00000, 0x00000000f6a80000, 0x0000000100000000)
  eden space 164864K, 100% used [0x00000000eab00000,0x00000000f4c00000,0x00000000f4c00000)
  from space 14848K, 0% used [0x00000000f5b00000,0x00000000f5b00000,0x00000000f6980000)
  to   space 15360K, 0% used [0x00000000f4c00000,0x00000000f4c00000,0x00000000f5b00000)
 ParOldGen       total 88064K, used 36886K [0x00000000c0000000, 0x00000000c5600000, 0x00000000eab00000)
  object space 88064K, 41% used [0x00000000c0000000,0x00000000c2405bd0,0x00000000c5600000)
 Metaspace       used 43990K, capacity 45586K, committed 45696K, reserved 1087488K
  class space    used 6115K, capacity 6771K, committed 6784K, reserved 1048576K
Event: 18.787 GC heap after
Heap after GC invocations=16 (full 3):
 PSYoungGen      total 180224K, used 4959K [0x00000000eab00000, 0x00000000fa580000, 0x0000000100000000)
  eden space 164864K, 0% used [0x00000000eab00000,0x00000000eab00000,0x00000000f4c00000)
  from space 15360K, 32% used [0x00000000f4c00000,0x00000000f50d7e78,0x00000000f5b00000)
  to   space 15360K, 0% used [0x00000000f9680000,0x00000000f9680000,0x00000000fa580000)
 ParOldGen       total 88064K, used 36894K [0x00000000c0000000, 0x00000000c5600000, 0x00000000eab00000)
  object space 88064K, 41% used [0x00000000c0000000,0x00000000c2407bd0,0x00000000c5600000)
 Metaspace       used 43990K, capacity 45586K, committed 45696K, reserved 1087488K
  class space    used 6115K, capacity 6771K, committed 6784K, reserved 1048576K
}

